
SBAZ baixado em Mon, 12 Jun 2017 16:34:09 +0000
SBBS baixado em Mon, 12 Jun 2017 16:34:10 +0000
SBCW baixado em Mon, 12 Jun 2017 16:34:11 +0000
SBRE baixado em Mon, 12 Jun 2017 16:34:12 +0000
SBAZ baixado em Mon, 12 Jun 2017 17:14:59 +0000
SBAZ baixado em Mon, 12 Jun 2017 17:15:35 +0000
SBBS baixado em Mon, 12 Jun 2017 17:15:36 +0000
SBCW baixado em Mon, 12 Jun 2017 17:15:37 +0000
SBRE baixado em Mon, 12 Jun 2017 17:15:38 +0000
SBAZ baixado em Thu, 22 Jun 2017 11:07:50 +0000
SBBS baixado em Thu, 22 Jun 2017 11:07:51 +0000
SBCW baixado em Thu, 22 Jun 2017 11:07:53 +0000
SBRE baixado em Thu, 22 Jun 2017 11:07:54 +0000
SBAZ baixado em Sat, 01 Jul 2017 16:39:48 +0000
SBBS baixado em Sat, 01 Jul 2017 16:39:49 +0000
SBCW baixado em Sat, 01 Jul 2017 16:39:51 +0000
SBRE baixado em Sat, 01 Jul 2017 16:39:53 +0000
SBAZ baixado em Sun, 13 Aug 2017 18:55:32 +0000
SBAZ baixado em Sun, 13 Aug 2017 18:55:50 +0000
SBBS baixado em Sun, 13 Aug 2017 18:55:51 +0000
SBCW baixado em Sun, 13 Aug 2017 18:55:52 +0000
SBRE baixado em Sun, 13 Aug 2017 18:55:53 +0000
SBAZ baixado em Sun, 13 Aug 2017 18:55:54 +0000
SBBS baixado em Sun, 13 Aug 2017 18:55:55 +0000
SBCW baixado em Sun, 13 Aug 2017 18:55:55 +0000
SBRE baixado em Sun, 13 Aug 2017 18:55:56 +0000
SBAZ baixado em Sun, 13 Aug 2017 18:55:58 +0000
SBBS baixado em Sun, 13 Aug 2017 18:55:59 +0000
SBCW baixado em Sun, 13 Aug 2017 18:55:59 +0000
SBRE baixado em Sun, 13 Aug 2017 18:56:00 +0000
SBAZ baixado em Sun, 13 Aug 2017 18:56:23 +0000
SBBS baixado em Sun, 13 Aug 2017 18:56:24 +0000
SBCW baixado em Sun, 13 Aug 2017 18:56:25 +0000
SBRE baixado em Sun, 13 Aug 2017 18:56:26 +0000
SBAZ baixado em Sun, 13 Aug 2017 18:56:33 +0000
SBBS baixado em Sun, 13 Aug 2017 18:56:34 +0000
SBCW baixado em Sun, 13 Aug 2017 18:56:35 +0000
SBRE baixado em Sun, 13 Aug 2017 18:56:36 +0000
SBAZ baixado em Sun, 13 Aug 2017 18:56:39 +0000
SBBS baixado em Sun, 13 Aug 2017 18:56:40 +0000
SBCW baixado em Sun, 13 Aug 2017 18:56:41 +0000
SBRE baixado em Sun, 13 Aug 2017 18:56:42 +0000